Started GET "/" for ::1 at 2016-11-17 10:48:25 -0500
Processing by PokemonController#index as HTML
  Rendering pokemon/index.html.erb within layouts/application
  Rendered pokemon/index.html.erb within layouts/application (4.3ms)
Completed 200 OK in 1024ms (Views: 687.0ms | ActiveRecord: 0.0ms)


Started GET "/" for ::1 at 2016-11-17 11:09:53 -0500
Processing by PokemonController#index as HTML
  Rendering pokemon/index.html.erb within layouts/application
  Rendered pokemon/index.html.erb within layouts/application (3.6ms)
Completed 200 OK in 40858ms (Views: 219.6ms | ActiveRecord: 0.0ms)


Started GET "/" for ::1 at 2016-11-17 11:12:06 -0500
Processing by PokemonController#index as HTML
  Rendering pokemon/index.html.erb within layouts/application
  Rendered pokemon/index.html.erb within layouts/application (3.4ms)
Completed 200 OK in 108532ms (Views: 46.7ms | ActiveRecord: 0.0ms)


Started GET "/" for ::1 at 2016-11-17 11:34:39 -0500
Processing by PokemonController#index as HTML
  Rendering pokemon/index.html.erb within layouts/application
  Rendered pokemon/index.html.erb within layouts/application (4.8ms)
Completed 200 OK in 1331ms (Views: 457.4ms | ActiveRecord: 0.0ms)


Started GET "/" for ::1 at 2016-11-17 11:42:39 -0500
Processing by PokemonController#index as HTML
  Rendering pokemon/index.html.erb within layouts/application
  Rendered pokemon/index.html.erb within layouts/application (9.7ms)
Completed 200 OK in 251ms (Views: 249.3ms | ActiveRecord: 0.0ms)


Started GET "/" for ::1 at 2016-11-17 11:42:50 -0500
Processing by PokemonController#index as HTML
  Rendering pokemon/index.html.erb within layouts/application
  Rendered pokemon/index.html.erb within layouts/application (10.9ms)
Completed 200 OK in 66ms (Views: 64.0ms | ActiveRecord: 0.0ms)


Started GET "/" for ::1 at 2016-11-17 11:50:01 -0500
Processing by PokemonController#index as HTML
  Rendering pokemon/index.html.erb within layouts/application
  Rendered pokemon/index.html.erb within layouts/application (2.8ms)
Completed 200 OK in 143ms (Views: 140.9ms | ActiveRecord: 0.0ms)


Started GET "/" for ::1 at 2016-11-17 11:54:17 -0500
Processing by PokemonController#index as HTML
  Rendering pokemon/index.html.erb within layouts/application
  Rendered pokemon/index.html.erb within layouts/application (4.5ms)
Completed 200 OK in 132ms (Views: 129.9ms | ActiveRecord: 0.0ms)


Started GET "/" for ::1 at 2016-11-17 11:56:16 -0500
Processing by PokemonController#index as HTML
  Rendering pokemon/index.html.erb within layouts/application
  Rendered pokemon/index.html.erb within layouts/application (3.8ms)
Completed 200 OK in 143ms (Views: 141.3ms | ActiveRecord: 0.0ms)


Started GET "/" for ::1 at 2016-11-17 12:08:00 -0500
Processing by PokemonController#index as HTML
  Rendering pokemon/index.html.erb within layouts/application
  Rendered pokemon/index.html.erb within layouts/application (4.6ms)
Completed 200 OK in 130ms (Views: 127.5ms | ActiveRecord: 0.0ms)


Started GET "/api/v1/pokemon/9/" for ::1 at 2016-11-17 12:08:03 -0500
Processing by PokemonApiController#forward as */*
  Parameters: {"uri"=>"pokemon/9"}
Completed 200 OK in 3614ms (Views: 0.2ms | ActiveRecord: 0.0ms)


Started GET "/api/v1/pokemon/23/" for ::1 at 2016-11-17 12:50:19 -0500
Processing by PokemonApiController#forward as */*
  Parameters: {"uri"=>"pokemon/23"}
Completed 200 OK in 398ms (Views: 0.1ms | ActiveRecord: 0.0ms)


Started GET "/" for ::1 at 2016-11-17 13:27:08 -0500
Processing by PokemonController#index as HTML
  Rendering pokemon/index.html.erb within layouts/application
  Rendered pokemon/index.html.erb within layouts/application (3.2ms)
Completed 200 OK in 153ms (Views: 148.8ms | ActiveRecord: 0.0ms)


Started GET "/api/v1/pokemon/23/" for ::1 at 2016-11-17 13:27:10 -0500
Processing by PokemonApiController#forward as */*
  Parameters: {"uri"=>"pokemon/23"}
Completed 200 OK in 1ms (Views: 0.1ms | ActiveRecord: 0.0ms)


Started GET "/api/v1/pokemon/11/" for ::1 at 2016-11-17 13:27:20 -0500
Processing by PokemonApiController#forward as */*
  Parameters: {"uri"=>"pokemon/11"}
Completed 200 OK in 212ms (Views: 0.1ms | ActiveRecord: 0.0ms)


Started GET "/" for ::1 at 2016-11-17 13:32:25 -0500
Processing by PokemonController#index as HTML
  Rendering pokemon/index.html.erb within layouts/application
  Rendered pokemon/index.html.erb within layouts/application (3.5ms)
Completed 200 OK in 158ms (Views: 156.2ms | ActiveRecord: 0.0ms)


Started GET "/api/v1/pokemon/23/" for ::1 at 2016-11-17 13:32:31 -0500
Processing by PokemonApiController#forward as */*
  Parameters: {"uri"=>"pokemon/23"}
Completed 200 OK in 1ms (Views: 0.1ms | ActiveRecord: 0.0ms)


Started GET "/api/v1/pokemon/12/" for ::1 at 2016-11-17 13:32:47 -0500
Processing by PokemonApiController#forward as */*
  Parameters: {"uri"=>"pokemon/12"}
Completed 200 OK in 396ms (Views: 0.2ms | ActiveRecord: 0.0ms)


Started GET "/" for ::1 at 2016-11-17 13:36:39 -0500
Processing by PokemonController#index as HTML
  Rendering pokemon/index.html.erb within layouts/application
  Rendered pokemon/index.html.erb within layouts/application (3.2ms)
Completed 200 OK in 160ms (Views: 157.5ms | ActiveRecord: 0.0ms)


Started GET "/api/v1/pokemon/23/" for ::1 at 2016-11-17 13:36:42 -0500
Processing by PokemonApiController#forward as */*
  Parameters: {"uri"=>"pokemon/23"}
Completed 200 OK in 0ms (Views: 0.1ms | ActiveRecord: 0.0ms)


Started GET "/" for ::1 at 2016-11-17 13:37:18 -0500
Processing by PokemonController#index as HTML
  Rendering pokemon/index.html.erb within layouts/application
  Rendered pokemon/index.html.erb within layouts/application (2.9ms)
Completed 200 OK in 133ms (Views: 131.0ms | ActiveRecord: 0.0ms)


Started GET "/api/v1/pokemon/8/" for ::1 at 2016-11-17 13:37:20 -0500
Processing by PokemonApiController#forward as */*
  Parameters: {"uri"=>"pokemon/8"}
Completed 200 OK in 1582ms (Views: 0.2ms | ActiveRecord: 0.0ms)


Started GET "/api/v1/pokemon/12/" for ::1 at 2016-11-17 13:37:31 -0500
Processing by PokemonApiController#forward as */*
  Parameters: {"uri"=>"pokemon/12"}
Completed 200 OK in 0ms (Views: 0.1ms | ActiveRecord: 0.0ms)


Started GET "/api/v1/pokemon/13/" for ::1 at 2016-11-17 13:38:44 -0500
Processing by PokemonApiController#forward as */*
  Parameters: {"uri"=>"pokemon/13"}
Completed 200 OK in 169ms (Views: 0.1ms | ActiveRecord: 0.0ms)


Started GET "/api/v1/pokemon/15/" for ::1 at 2016-11-17 13:38:48 -0500
Processing by PokemonApiController#forward as */*
  Parameters: {"uri"=>"pokemon/15"}
Completed 200 OK in 251ms (Views: 0.1ms | ActiveRecord: 0.0ms)


Started GET "/api/v1/pokemon/8/" for ::1 at 2016-11-17 13:38:53 -0500
Processing by PokemonApiController#forward as */*
  Parameters: {"uri"=>"pokemon/8"}
Completed 200 OK in 0ms (Views: 0.1ms | ActiveRecord: 0.0ms)


Started GET "/" for ::1 at 2016-11-17 13:53:05 -0500
Processing by PokemonController#index as HTML
  Rendering pokemon/index.html.erb within layouts/application
  Rendered pokemon/index.html.erb within layouts/application (2.9ms)
Completed 200 OK in 140ms (Views: 137.2ms | ActiveRecord: 0.0ms)


Started GET "/api/v1/pokemon/23/" for ::1 at 2016-11-17 13:53:08 -0500
Processing by PokemonApiController#forward as */*
  Parameters: {"uri"=>"pokemon/23"}
Completed 200 OK in 1ms (Views: 0.4ms | ActiveRecord: 0.0ms)


Started GET "/" for ::1 at 2016-11-17 14:01:15 -0500
Processing by PokemonController#index as HTML
  Rendering pokemon/index.html.erb within layouts/application
  Rendered pokemon/index.html.erb within layouts/application (3.7ms)
Completed 200 OK in 161ms (Views: 156.7ms | ActiveRecord: 0.0ms)


Started GET "/api/v1/pokemon/23/" for ::1 at 2016-11-17 14:01:17 -0500
Processing by PokemonApiController#forward as */*
  Parameters: {"uri"=>"pokemon/23"}
Completed 200 OK in 1ms (Views: 0.2ms | ActiveRecord: 0.0ms)


Started GET "/api/v1/pokemon/15/" for ::1 at 2016-11-17 14:01:47 -0500
Processing by PokemonApiController#forward as */*
  Parameters: {"uri"=>"pokemon/15"}
Completed 200 OK in 1ms (Views: 0.1ms | ActiveRecord: 0.0ms)


Started GET "/" for ::1 at 2016-11-17 14:06:42 -0500
Processing by PokemonController#index as HTML
  Rendering pokemon/index.html.erb within layouts/application
  Rendered pokemon/index.html.erb within layouts/application (4.3ms)
Completed 200 OK in 158ms (Views: 154.0ms | ActiveRecord: 0.0ms)


Started GET "/api/v1/pokemon/15/" for ::1 at 2016-11-17 14:06:44 -0500
Processing by PokemonApiController#forward as */*
  Parameters: {"uri"=>"pokemon/15"}
Completed 200 OK in 0ms (Views: 0.2ms | ActiveRecord: 0.0ms)


Started GET "/" for ::1 at 2016-11-17 14:10:28 -0500
Processing by PokemonController#index as HTML
  Rendering pokemon/index.html.erb within layouts/application
  Rendered pokemon/index.html.erb within layouts/application (3.3ms)
Completed 200 OK in 148ms (Views: 145.4ms | ActiveRecord: 0.0ms)


Started GET "/" for ::1 at 2016-11-17 14:10:48 -0500
Processing by PokemonController#index as HTML
  Rendering pokemon/index.html.erb within layouts/application
  Rendered pokemon/index.html.erb within layouts/application (4.8ms)
Completed 200 OK in 151ms (Views: 148.0ms | ActiveRecord: 0.0ms)


Started GET "/api/v1/pokemon/23/" for ::1 at 2016-11-17 14:10:50 -0500
Processing by PokemonApiController#forward as */*
  Parameters: {"uri"=>"pokemon/23"}
Completed 200 OK in 1ms (Views: 0.1ms | ActiveRecord: 0.0ms)


Started GET "/api/v1/pokemon/15/" for ::1 at 2016-11-17 14:10:54 -0500
Processing by PokemonApiController#forward as */*
  Parameters: {"uri"=>"pokemon/15"}
Completed 200 OK in 0ms (Views: 0.2ms | ActiveRecord: 0.0ms)


Started GET "/" for ::1 at 2016-11-17 14:11:10 -0500
Processing by PokemonController#index as HTML
  Rendering pokemon/index.html.erb within layouts/application
  Rendered pokemon/index.html.erb within layouts/application (3.5ms)
Completed 200 OK in 139ms (Views: 134.9ms | ActiveRecord: 0.0ms)


Started GET "/api/v1/pokemon/9/" for ::1 at 2016-11-17 14:11:12 -0500
Processing by PokemonApiController#forward as */*
  Parameters: {"uri"=>"pokemon/9"}
Completed 200 OK in 0ms (Views: 0.1ms | ActiveRecord: 0.0ms)


Started GET "/api/v1/pokemon/15/" for ::1 at 2016-11-17 14:11:19 -0500
Processing by PokemonApiController#forward as */*
  Parameters: {"uri"=>"pokemon/15"}
Completed 200 OK in 0ms (Views: 0.1ms | ActiveRecord: 0.0ms)


Started GET "/" for ::1 at 2016-11-17 14:12:44 -0500
Processing by PokemonController#index as HTML
  Rendering pokemon/index.html.erb within layouts/application
  Rendered pokemon/index.html.erb within layouts/application (3.6ms)
Completed 200 OK in 149ms (Views: 147.0ms | ActiveRecord: 0.0ms)


Started GET "/api/v1/pokemon/23/" for ::1 at 2016-11-17 14:12:46 -0500
Processing by PokemonApiController#forward as */*
  Parameters: {"uri"=>"pokemon/23"}
Completed 200 OK in 1ms (Views: 0.4ms | ActiveRecord: 0.0ms)


Started GET "/api/v1/pokemon/15/" for ::1 at 2016-11-17 14:12:52 -0500
Processing by PokemonApiController#forward as */*
  Parameters: {"uri"=>"pokemon/15"}
Completed 200 OK in 0ms (Views: 0.1ms | ActiveRecord: 0.0ms)


Started GET "/api/v1/pokemon/12/" for ::1 at 2016-11-17 14:12:57 -0500
Processing by PokemonApiController#forward as */*
  Parameters: {"uri"=>"pokemon/12"}
Completed 200 OK in 1ms (Views: 0.1ms | ActiveRecord: 0.0ms)


Started GET "/api/v1/pokemon/20/" for ::1 at 2016-11-17 14:13:01 -0500
Processing by PokemonApiController#forward as */*
  Parameters: {"uri"=>"pokemon/20"}
Completed 200 OK in 1727ms (Views: 0.2ms | ActiveRecord: 0.0ms)


Started GET "/api/v1/pokemon/24/" for ::1 at 2016-11-17 14:13:07 -0500
Processing by PokemonApiController#forward as */*
  Parameters: {"uri"=>"pokemon/24"}
Completed 200 OK in 836ms (Views: 0.2ms | ActiveRecord: 0.0ms)


Started GET "/api/v1/pokemon/15/" for ::1 at 2016-11-17 14:13:30 -0500
Processing by PokemonApiController#forward as */*
  Parameters: {"uri"=>"pokemon/15"}
Completed 200 OK in 2ms (Views: 0.4ms | ActiveRecord: 0.0ms)


Started GET "/" for ::1 at 2016-11-17 14:14:35 -0500
Processing by PokemonController#index as HTML
  Rendering pokemon/index.html.erb within layouts/application
  Rendered pokemon/index.html.erb within layouts/application (3.7ms)
Completed 200 OK in 152ms (Views: 148.1ms | ActiveRecord: 0.0ms)


Started GET "/api/v1/pokemon/15/" for ::1 at 2016-11-17 14:14:39 -0500
Processing by PokemonApiController#forward as */*
  Parameters: {"uri"=>"pokemon/15"}
Completed 200 OK in 1ms (Views: 0.2ms | ActiveRecord: 0.0ms)


Started GET "/" for ::1 at 2016-11-17 14:15:43 -0500
Processing by PokemonController#index as HTML
  Rendering pokemon/index.html.erb within layouts/application
  Rendered pokemon/index.html.erb within layouts/application (3.4ms)
Completed 200 OK in 157ms (Views: 154.3ms | ActiveRecord: 0.0ms)


Started GET "/api/v1/pokemon/15/" for ::1 at 2016-11-17 14:15:45 -0500
Processing by PokemonApiController#forward as */*
  Parameters: {"uri"=>"pokemon/15"}
Completed 200 OK in 1ms (Views: 0.2ms | ActiveRecord: 0.0ms)


Started GET "/api/v1/pokemon/15/" for ::1 at 2016-11-17 14:26:41 -0500
Processing by PokemonApiController#forward as */*
  Parameters: {"uri"=>"pokemon/15"}
Completed 200 OK in 4ms (Views: 1.0ms | ActiveRecord: 0.0ms)


Started GET "/" for ::1 at 2016-11-17 14:27:53 -0500
Processing by PokemonController#index as HTML
  Rendering pokemon/index.html.erb within layouts/application
  Rendered pokemon/index.html.erb within layouts/application (8.4ms)
Completed 200 OK in 268ms (Views: 242.8ms | ActiveRecord: 0.0ms)


Started GET "/" for ::1 at 2016-11-17 14:28:09 -0500
Processing by PokemonController#index as HTML
  Rendering pokemon/index.html.erb within layouts/application
  Rendered pokemon/index.html.erb within layouts/application (3.7ms)
Completed 200 OK in 147ms (Views: 142.9ms | ActiveRecord: 0.0ms)


Started GET "/" for ::1 at 2016-11-17 14:28:43 -0500
Processing by PokemonController#index as HTML
  Rendering pokemon/index.html.erb within layouts/application
  Rendered pokemon/index.html.erb within layouts/application (3.4ms)
Completed 200 OK in 150ms (Views: 147.5ms | ActiveRecord: 0.0ms)


Started GET "/api/v1/pokemon/15/" for ::1 at 2016-11-17 14:28:45 -0500
Processing by PokemonApiController#forward as */*
  Parameters: {"uri"=>"pokemon/15"}
Completed 200 OK in 1ms (Views: 0.1ms | ActiveRecord: 0.0ms)


Started GET "/" for ::1 at 2016-11-17 14:29:46 -0500
Processing by PokemonController#index as HTML
  Rendering pokemon/index.html.erb within layouts/application
  Rendered pokemon/index.html.erb within layouts/application (3.3ms)
Completed 200 OK in 156ms (Views: 153.4ms | ActiveRecord: 0.0ms)


Started GET "/api/v1/pokemon/15/" for ::1 at 2016-11-17 14:29:48 -0500
Processing by PokemonApiController#forward as */*
  Parameters: {"uri"=>"pokemon/15"}
Completed 200 OK in 0ms (Views: 0.1ms | ActiveRecord: 0.0ms)


Started GET "/" for ::1 at 2016-11-17 14:30:17 -0500
Processing by PokemonController#index as HTML
  Rendering pokemon/index.html.erb within layouts/application
  Rendered pokemon/index.html.erb within layouts/application (5.2ms)
Completed 200 OK in 199ms (Views: 193.8ms | ActiveRecord: 0.0ms)


Started GET "/api/v1/pokemon/15/" for ::1 at 2016-11-17 14:30:19 -0500
Processing by PokemonApiController#forward as */*
  Parameters: {"uri"=>"pokemon/15"}
Completed 200 OK in 1ms (Views: 0.2ms | ActiveRecord: 0.0ms)


Started GET "/" for ::1 at 2016-11-17 14:30:38 -0500
Processing by PokemonController#index as HTML
  Rendering pokemon/index.html.erb within layouts/application
  Rendered pokemon/index.html.erb within layouts/application (3.0ms)
Completed 200 OK in 147ms (Views: 144.2ms | ActiveRecord: 0.0ms)


Started GET "/api/v1/pokemon/15/" for ::1 at 2016-11-17 14:30:41 -0500
Processing by PokemonApiController#forward as */*
  Parameters: {"uri"=>"pokemon/15"}
Completed 200 OK in 0ms (Views: 0.1ms | ActiveRecord: 0.0ms)


Started GET "/" for ::1 at 2016-11-17 14:31:22 -0500
Processing by PokemonController#index as HTML
  Rendering pokemon/index.html.erb within layouts/application
  Rendered pokemon/index.html.erb within layouts/application (4.1ms)
Completed 200 OK in 163ms (Views: 159.5ms | ActiveRecord: 0.0ms)


Started GET "/api/v1/pokemon/15/" for ::1 at 2016-11-17 14:31:25 -0500
Processing by PokemonApiController#forward as */*
  Parameters: {"uri"=>"pokemon/15"}
Completed 200 OK in 0ms (Views: 0.1ms | ActiveRecord: 0.0ms)


Started GET "/" for ::1 at 2016-11-17 14:32:37 -0500
Processing by PokemonController#index as HTML
  Rendering pokemon/index.html.erb within layouts/application
  Rendered pokemon/index.html.erb within layouts/application (7.9ms)
Completed 200 OK in 158ms (Views: 155.2ms | ActiveRecord: 0.0ms)


Started GET "/api/v1/pokemon/15/" for ::1 at 2016-11-17 14:32:39 -0500
Processing by PokemonApiController#forward as */*
  Parameters: {"uri"=>"pokemon/15"}
Completed 200 OK in 1ms (Views: 0.5ms | ActiveRecord: 0.0ms)


Started GET "/" for ::1 at 2016-11-17 14:33:09 -0500
Processing by PokemonController#index as HTML
  Rendering pokemon/index.html.erb within layouts/application
  Rendered pokemon/index.html.erb within layouts/application (3.0ms)
Completed 200 OK in 140ms (Views: 137.9ms | ActiveRecord: 0.0ms)


Started GET "/api/v1/pokemon/15/" for ::1 at 2016-11-17 14:33:11 -0500
Processing by PokemonApiController#forward as */*
  Parameters: {"uri"=>"pokemon/15"}
Completed 200 OK in 1ms (Views: 0.2ms | ActiveRecord: 0.0ms)


Started GET "/api/v1/pokemon/14/" for ::1 at 2016-11-17 14:43:53 -0500
Processing by PokemonApiController#forward as */*
  Parameters: {"uri"=>"pokemon/14"}
Completed 200 OK in 3621ms (Views: 0.9ms | ActiveRecord: 0.0ms)


Started GET "/" for ::1 at 2016-11-17 15:02:02 -0500
Processing by PokemonController#index as HTML
  Rendering pokemon/index.html.erb within layouts/application
  Rendered pokemon/index.html.erb within layouts/application (9.5ms)
Completed 200 OK in 279ms (Views: 244.1ms | ActiveRecord: 0.0ms)


Started GET "/" for ::1 at 2016-11-17 15:02:40 -0500
Processing by PokemonController#index as HTML
  Rendering pokemon/index.html.erb within layouts/application
  Rendered pokemon/index.html.erb within layouts/application (3.7ms)
Completed 200 OK in 144ms (Views: 141.8ms | ActiveRecord: 0.0ms)


Started GET "/" for ::1 at 2016-11-17 15:02:53 -0500
Processing by PokemonController#index as HTML
  Rendering pokemon/index.html.erb within layouts/application
  Rendered pokemon/index.html.erb within layouts/application (3.1ms)
Completed 200 OK in 133ms (Views: 130.0ms | ActiveRecord: 0.0ms)


Started GET "/api/v1/pokemon/15/" for ::1 at 2016-11-17 15:02:55 -0500
Processing by PokemonApiController#forward as */*
  Parameters: {"uri"=>"pokemon/15"}
Completed 200 OK in 1ms (Views: 0.2ms | ActiveRecord: 0.0ms)


Started GET "/" for ::1 at 2016-11-17 15:05:10 -0500
Processing by PokemonController#index as HTML
  Rendering pokemon/index.html.erb within layouts/application
  Rendered pokemon/index.html.erb within layouts/application (4.0ms)
Completed 200 OK in 149ms (Views: 146.9ms | ActiveRecord: 0.0ms)


Started GET "/api/v1/pokemon/15/" for ::1 at 2016-11-17 15:05:16 -0500
Processing by PokemonApiController#forward as */*
  Parameters: {"uri"=>"pokemon/15"}
Completed 200 OK in 0ms (Views: 0.2ms | ActiveRecord: 0.0ms)


Started GET "/" for ::1 at 2016-11-17 15:05:47 -0500
Processing by PokemonController#index as HTML
  Rendering pokemon/index.html.erb within layouts/application
  Rendered pokemon/index.html.erb within layouts/application (4.0ms)
Completed 200 OK in 77ms (Views: 72.6ms | ActiveRecord: 0.0ms)


Started GET "/api/v1/pokemon/15/" for ::1 at 2016-11-17 15:05:50 -0500
Processing by PokemonApiController#forward as */*
  Parameters: {"uri"=>"pokemon/15"}
Completed 200 OK in 1ms (Views: 0.1ms | ActiveRecord: 0.0ms)


Started GET "/" for ::1 at 2016-11-17 15:14:26 -0500
Processing by PokemonController#index as HTML
  Rendering pokemon/index.html.erb within layouts/application
  Rendered pokemon/index.html.erb within layouts/application (12.7ms)
Completed 200 OK in 279ms (Views: 247.9ms | ActiveRecord: 0.0ms)


Started GET "/" for ::1 at 2016-11-17 15:14:56 -0500
Processing by PokemonController#index as HTML
  Rendering pokemon/index.html.erb within layouts/application
  Rendered pokemon/index.html.erb within layouts/application (5.0ms)
Completed 200 OK in 200ms (Views: 192.9ms | ActiveRecord: 0.0ms)


Started GET "/" for ::1 at 2016-11-17 15:16:26 -0500
Processing by PokemonController#index as HTML
  Rendering pokemon/index.html.erb within layouts/application
  Rendered pokemon/index.html.erb within layouts/application (3.0ms)
Completed 200 OK in 152ms (Views: 149.5ms | ActiveRecord: 0.0ms)


Started GET "/" for ::1 at 2016-11-17 15:17:07 -0500
Processing by PokemonController#index as HTML
  Rendering pokemon/index.html.erb within layouts/application
  Rendered pokemon/index.html.erb within layouts/application (3.5ms)
Completed 200 OK in 145ms (Views: 142.3ms | ActiveRecord: 0.0ms)


Started GET "/" for ::1 at 2016-11-17 15:18:01 -0500
Processing by PokemonController#index as HTML
  Rendering pokemon/index.html.erb within layouts/application
  Rendered pokemon/index.html.erb within layouts/application (3.2ms)
Completed 200 OK in 166ms (Views: 162.3ms | ActiveRecord: 0.0ms)


Started GET "/" for ::1 at 2016-11-17 15:19:03 -0500
Processing by PokemonController#index as HTML
  Rendering pokemon/index.html.erb within layouts/application
  Rendered pokemon/index.html.erb within layouts/application (8.5ms)
Completed 200 OK in 190ms (Views: 180.1ms | ActiveRecord: 0.0ms)


Started GET "/api/v1/pokemon/15/" for ::1 at 2016-11-17 15:19:06 -0500
Processing by PokemonApiController#forward as */*
  Parameters: {"uri"=>"pokemon/15"}
Completed 200 OK in 1ms (Views: 0.2ms | ActiveRecord: 0.0ms)


Started GET "/undefined" for ::1 at 2016-11-17 15:19:06 -0500
  
ActionController::RoutingError (No route matches [GET] "/undefined"):
  
actionpack (5.0.0.1) lib/action_dispatch/middleware/debug_exceptions.rb:53:in `call'
web-console (2.3.0) lib/web_console/middleware.rb:28:in `block in call'
web-console (2.3.0) lib/web_console/middleware.rb:18:in `catch'
web-console (2.3.0) lib/web_console/middleware.rb:18:in `call'
actionpack (5.0.0.1) lib/action_dispatch/middleware/show_exceptions.rb:31:in `call'
railties (5.0.0.1) lib/rails/rack/logger.rb:36:in `call_app'
railties (5.0.0.1) lib/rails/rack/logger.rb:24:in `block in call'
activesupport (5.0.0.1) lib/active_support/tagged_logging.rb:70:in `block in tagged'
activesupport (5.0.0.1) lib/active_support/tagged_logging.rb:26:in `tagged'
activesupport (5.0.0.1) lib/active_support/tagged_logging.rb:70:in `tagged'
railties (5.0.0.1) lib/rails/rack/logger.rb:24:in `call'
sprockets-rails (3.2.0) lib/sprockets/rails/quiet_assets.rb:13:in `call'
actionpack (5.0.0.1) lib/action_dispatch/middleware/request_id.rb:24:in `call'
rack (2.0.1) lib/rack/method_override.rb:22:in `call'
rack (2.0.1) lib/rack/runtime.rb:22:in `call'
actionpack (5.0.0.1) lib/action_dispatch/middleware/executor.rb:12:in `call'
actionpack (5.0.0.1) lib/action_dispatch/middleware/static.rb:136:in `call'
rack (2.0.1) lib/rack/sendfile.rb:111:in `call'
railties (5.0.0.1) lib/rails/engine.rb:522:in `call'
rack (2.0.1) lib/rack/handler/webrick.rb:86:in `service'
/Users/Chenje/.rbenv/versions/2.3.1/lib/ruby/2.3.0/webrick/httpserver.rb:140:in `service'
/Users/Chenje/.rbenv/versions/2.3.1/lib/ruby/2.3.0/webrick/httpserver.rb:96:in `run'
/Users/Chenje/.rbenv/versions/2.3.1/lib/ruby/2.3.0/webrick/server.rb:296:in `block in start_thread'
  Rendering /Users/Chenje/.rbenv/versions/2.3.1/lib/ruby/gems/2.3.0/gems/actionpack-5.0.0.1/lib/action_dispatch/middleware/templates/rescues/routing_error.text.erb
  Rendering /Users/Chenje/.rbenv/versions/2.3.1/lib/ruby/gems/2.3.0/gems/actionpack-5.0.0.1/lib/action_dispatch/middleware/templates/rescues/_trace.text.erb
  Rendered /Users/Chenje/.rbenv/versions/2.3.1/lib/ruby/gems/2.3.0/gems/actionpack-5.0.0.1/lib/action_dispatch/middleware/templates/rescues/_trace.text.erb (0.9ms)
  Rendered /Users/Chenje/.rbenv/versions/2.3.1/lib/ruby/gems/2.3.0/gems/actionpack-5.0.0.1/lib/action_dispatch/middleware/templates/rescues/routing_error.text.erb (40.5ms)
DEPRECATION WARNING: Accessing mime types via constants is deprecated. Please change `Mime::HTML` to `Mime[:html]`. (called from const_missing at /Users/Chenje/.rbenv/versions/2.3.1/lib/ruby/gems/2.3.0/gems/actionpack-5.0.0.1/lib/action_dispatch/http/mime_type.rb:52)
Started GET "/" for ::1 at 2016-11-17 15:20:55 -0500
Processing by PokemonController#index as HTML
  Rendering pokemon/index.html.erb within layouts/application
  Rendered pokemon/index.html.erb within layouts/application (3.7ms)
Completed 200 OK in 154ms (Views: 150.4ms | ActiveRecord: 0.0ms)


Started GET "/api/v1/pokemon/14/" for ::1 at 2016-11-17 15:20:59 -0500
Processing by PokemonApiController#forward as */*
  Parameters: {"uri"=>"pokemon/14"}
Completed 200 OK in 1ms (Views: 0.2ms | ActiveRecord: 0.0ms)


Started GET "/undefined" for ::1 at 2016-11-17 15:20:59 -0500
  
ActionController::RoutingError (No route matches [GET] "/undefined"):
  
actionpack (5.0.0.1) lib/action_dispatch/middleware/debug_exceptions.rb:53:in `call'
web-console (2.3.0) lib/web_console/middleware.rb:28:in `block in call'
web-console (2.3.0) lib/web_console/middleware.rb:18:in `catch'
web-console (2.3.0) lib/web_console/middleware.rb:18:in `call'
actionpack (5.0.0.1) lib/action_dispatch/middleware/show_exceptions.rb:31:in `call'
railties (5.0.0.1) lib/rails/rack/logger.rb:36:in `call_app'
railties (5.0.0.1) lib/rails/rack/logger.rb:24:in `block in call'
activesupport (5.0.0.1) lib/active_support/tagged_logging.rb:70:in `block in tagged'
activesupport (5.0.0.1) lib/active_support/tagged_logging.rb:26:in `tagged'
activesupport (5.0.0.1) lib/active_support/tagged_logging.rb:70:in `tagged'
railties (5.0.0.1) lib/rails/rack/logger.rb:24:in `call'
sprockets-rails (3.2.0) lib/sprockets/rails/quiet_assets.rb:13:in `call'
actionpack (5.0.0.1) lib/action_dispatch/middleware/request_id.rb:24:in `call'
rack (2.0.1) lib/rack/method_override.rb:22:in `call'
rack (2.0.1) lib/rack/runtime.rb:22:in `call'
actionpack (5.0.0.1) lib/action_dispatch/middleware/executor.rb:12:in `call'
actionpack (5.0.0.1) lib/action_dispatch/middleware/static.rb:136:in `call'
rack (2.0.1) lib/rack/sendfile.rb:111:in `call'
railties (5.0.0.1) lib/rails/engine.rb:522:in `call'
rack (2.0.1) lib/rack/handler/webrick.rb:86:in `service'
/Users/Chenje/.rbenv/versions/2.3.1/lib/ruby/2.3.0/webrick/httpserver.rb:140:in `service'
/Users/Chenje/.rbenv/versions/2.3.1/lib/ruby/2.3.0/webrick/httpserver.rb:96:in `run'
/Users/Chenje/.rbenv/versions/2.3.1/lib/ruby/2.3.0/webrick/server.rb:296:in `block in start_thread'
  Rendering /Users/Chenje/.rbenv/versions/2.3.1/lib/ruby/gems/2.3.0/gems/actionpack-5.0.0.1/lib/action_dispatch/middleware/templates/rescues/routing_error.text.erb
  Rendering /Users/Chenje/.rbenv/versions/2.3.1/lib/ruby/gems/2.3.0/gems/actionpack-5.0.0.1/lib/action_dispatch/middleware/templates/rescues/_trace.text.erb
  Rendered /Users/Chenje/.rbenv/versions/2.3.1/lib/ruby/gems/2.3.0/gems/actionpack-5.0.0.1/lib/action_dispatch/middleware/templates/rescues/_trace.text.erb (1.2ms)
  Rendered /Users/Chenje/.rbenv/versions/2.3.1/lib/ruby/gems/2.3.0/gems/actionpack-5.0.0.1/lib/action_dispatch/middleware/templates/rescues/routing_error.text.erb (58.1ms)
DEPRECATION WARNING: Accessing mime types via constants is deprecated. Please change `Mime::HTML` to `Mime[:html]`. (called from const_missing at /Users/Chenje/.rbenv/versions/2.3.1/lib/ruby/gems/2.3.0/gems/actionpack-5.0.0.1/lib/action_dispatch/http/mime_type.rb:52)
Started GET "/" for ::1 at 2016-11-17 15:21:35 -0500
Processing by PokemonController#index as HTML
  Rendering pokemon/index.html.erb within layouts/application
  Rendered pokemon/index.html.erb within layouts/application (3.6ms)
Completed 200 OK in 148ms (Views: 145.5ms | ActiveRecord: 0.0ms)


Started GET "/api/v1/pokemon/15/" for ::1 at 2016-11-17 15:21:38 -0500
Processing by PokemonApiController#forward as */*
  Parameters: {"uri"=>"pokemon/15"}
Completed 200 OK in 0ms (Views: 0.1ms | ActiveRecord: 0.0ms)


Started GET "/" for ::1 at 2016-11-17 15:26:57 -0500
Processing by PokemonController#index as HTML
  Rendering pokemon/index.html.erb within layouts/application
  Rendered pokemon/index.html.erb within layouts/application (84.6ms)
Completed 200 OK in 304ms (Views: 271.1ms | ActiveRecord: 0.0ms)


Started GET "/api/v1/pokemon/15/" for ::1 at 2016-11-17 15:27:05 -0500
Processing by PokemonApiController#forward as */*
  Parameters: {"uri"=>"pokemon/15"}
Completed 200 OK in 0ms (Views: 0.1ms | ActiveRecord: 0.0ms)


Started GET "/" for ::1 at 2016-11-17 15:27:37 -0500
Processing by PokemonController#index as HTML
  Rendering pokemon/index.html.erb within layouts/application
  Rendered pokemon/index.html.erb within layouts/application (4.3ms)
Completed 200 OK in 158ms (Views: 154.1ms | ActiveRecord: 0.0ms)


Started GET "/api/v1/pokemon/15/" for ::1 at 2016-11-17 15:27:39 -0500
Processing by PokemonApiController#forward as */*
  Parameters: {"uri"=>"pokemon/15"}
Completed 200 OK in 1ms (Views: 0.2ms | ActiveRecord: 0.0ms)


Started GET "/api/v1/description/6848/" for ::1 at 2016-11-17 15:27:39 -0500
Processing by PokemonApiController#forward as */*
  Parameters: {"uri"=>"description/6848"}
Completed 200 OK in 4109ms (Views: 0.2ms | ActiveRecord: 0.0ms)


Started GET "/" for ::1 at 2016-11-17 15:31:43 -0500
Processing by PokemonController#index as HTML
  Rendering pokemon/index.html.erb within layouts/application
  Rendered pokemon/index.html.erb within layouts/application (3.3ms)
Completed 200 OK in 154ms (Views: 151.8ms | ActiveRecord: 0.0ms)


Started GET "/api/v1/pokemon/17/" for ::1 at 2016-11-17 15:31:45 -0500
Processing by PokemonApiController#forward as */*
  Parameters: {"uri"=>"pokemon/17"}
Completed 200 OK in 442ms (Views: 0.2ms | ActiveRecord: 0.0ms)


Started GET "/api/v1/description/6877/" for ::1 at 2016-11-17 15:31:46 -0500
Processing by PokemonApiController#forward as */*
  Parameters: {"uri"=>"description/6877"}
Completed 200 OK in 1081ms (Views: 0.2ms | ActiveRecord: 0.0ms)


Started GET "/" for ::1 at 2016-11-17 15:33:30 -0500
Processing by PokemonController#index as HTML
  Rendering pokemon/index.html.erb within layouts/application
  Rendered pokemon/index.html.erb within layouts/application (4.1ms)
Completed 200 OK in 160ms (Views: 156.6ms | ActiveRecord: 0.0ms)


Started GET "/api/v1/pokemon/14/" for ::1 at 2016-11-17 15:33:33 -0500
Processing by PokemonApiController#forward as */*
  Parameters: {"uri"=>"pokemon/14"}
Completed 200 OK in 1ms (Views: 0.2ms | ActiveRecord: 0.0ms)


Started GET "/api/v1/description/6832/" for ::1 at 2016-11-17 15:33:33 -0500
Processing by PokemonApiController#forward as */*
  Parameters: {"uri"=>"description/6832"}
Completed 200 OK in 274ms (Views: 0.1ms | ActiveRecord: 0.0ms)


Started GET "/" for ::1 at 2016-11-17 15:33:51 -0500
Processing by PokemonController#index as HTML
  Rendering pokemon/index.html.erb within layouts/application
  Rendered pokemon/index.html.erb within layouts/application (4.9ms)
Completed 200 OK in 159ms (Views: 155.2ms | ActiveRecord: 0.0ms)


Started GET "/api/v1/pokemon/14/" for ::1 at 2016-11-17 15:33:54 -0500
Processing by PokemonApiController#forward as */*
  Parameters: {"uri"=>"pokemon/14"}
Completed 200 OK in 1ms (Views: 0.2ms | ActiveRecord: 0.0ms)


Started GET "/api/v1/description/6832/" for ::1 at 2016-11-17 15:33:54 -0500
Processing by PokemonApiController#forward as */*
  Parameters: {"uri"=>"description/6832"}
Completed 200 OK in 0ms (Views: 0.1ms | ActiveRecord: 0.0ms)


Started GET "/api/v1/pokemon/20/" for ::1 at 2016-11-17 15:34:09 -0500
Processing by PokemonApiController#forward as */*
  Parameters: {"uri"=>"pokemon/20"}
Completed 200 OK in 0ms (Views: 0.1ms | ActiveRecord: 0.0ms)


Started GET "/api/v1/description/6922/" for ::1 at 2016-11-17 15:34:09 -0500
Processing by PokemonApiController#forward as */*
  Parameters: {"uri"=>"description/6922"}
Completed 200 OK in 267ms (Views: 0.2ms | ActiveRecord: 0.0ms)


Started GET "/" for ::1 at 2016-11-17 15:37:07 -0500
Processing by PokemonController#index as HTML
  Rendering pokemon/index.html.erb within layouts/application
  Rendered pokemon/index.html.erb within layouts/application (4.2ms)
Completed 200 OK in 151ms (Views: 148.8ms | ActiveRecord: 0.0ms)


Started GET "/api/v1/pokemon/24/" for ::1 at 2016-11-17 15:37:11 -0500
Processing by PokemonApiController#forward as */*
  Parameters: {"uri"=>"pokemon/24"}
Completed 200 OK in 0ms (Views: 0.1ms | ActiveRecord: 0.0ms)


Started GET "/api/v1/description/6984/" for ::1 at 2016-11-17 15:37:11 -0500
Processing by PokemonApiController#forward as */*
  Parameters: {"uri"=>"description/6984"}
Completed 200 OK in 616ms (Views: 0.2ms | ActiveRecord: 0.0ms)


Started GET "/api/v1/pokemon/18/" for ::1 at 2016-11-17 15:37:20 -0500
Processing by PokemonApiController#forward as */*
  Parameters: {"uri"=>"pokemon/18"}
Completed 200 OK in 964ms (Views: 0.2ms | ActiveRecord: 0.0ms)


Started GET "/api/v1/description/6896/" for ::1 at 2016-11-17 15:37:21 -0500
Processing by PokemonApiController#forward as */*
  Parameters: {"uri"=>"description/6896"}
Completed 200 OK in 492ms (Views: 0.1ms | ActiveRecord: 0.0ms)


Started GET "/api/v1/pokemon/12/" for ::1 at 2016-11-17 15:37:25 -0500
Processing by PokemonApiController#forward as */*
  Parameters: {"uri"=>"pokemon/12"}
Completed 200 OK in 0ms (Views: 0.1ms | ActiveRecord: 0.0ms)


Started GET "/api/v1/description/6798/" for ::1 at 2016-11-17 15:37:25 -0500
Processing by PokemonApiController#forward as */*
  Parameters: {"uri"=>"description/6798"}
Completed 200 OK in 834ms (Views: 0.3ms | ActiveRecord: 0.0ms)


Started GET "/api/v1/pokemon/17/" for ::1 at 2016-11-17 15:39:12 -0500
Processing by PokemonApiController#forward as */*
  Parameters: {"uri"=>"pokemon/17"}
Completed 200 OK in 0ms (Views: 0.1ms | ActiveRecord: 0.0ms)


Started GET "/api/v1/description/6877/" for ::1 at 2016-11-17 15:39:12 -0500
Processing by PokemonApiController#forward as */*
  Parameters: {"uri"=>"description/6877"}
Completed 200 OK in 1ms (Views: 0.1ms | ActiveRecord: 0.0ms)


Started GET "/api/v1/pokemon/20/" for ::1 at 2016-11-17 15:39:21 -0500
Processing by PokemonApiController#forward as */*
  Parameters: {"uri"=>"pokemon/20"}
Completed 200 OK in 9ms (Views: 8.7ms | ActiveRecord: 0.0ms)


Started GET "/api/v1/description/6922/" for ::1 at 2016-11-17 15:39:21 -0500
Processing by PokemonApiController#forward as */*
  Parameters: {"uri"=>"description/6922"}
Completed 200 OK in 1ms (Views: 0.2ms | ActiveRecord: 0.0ms)


Started GET "/" for ::1 at 2016-11-17 15:47:44 -0500
Processing by PokemonController#index as HTML
  Rendering pokemon/index.html.erb within layouts/application
  Rendered pokemon/index.html.erb within layouts/application (7.4ms)
Completed 200 OK in 200ms (Views: 181.7ms | ActiveRecord: 0.0ms)


Started GET "/api/v1/pokemon/23/" for ::1 at 2016-11-17 15:47:49 -0500
Processing by PokemonApiController#forward as */*
  Parameters: {"uri"=>"pokemon/23"}
Completed 200 OK in 1ms (Views: 0.6ms | ActiveRecord: 0.0ms)


Started GET "/api/v1/description/6969/" for ::1 at 2016-11-17 15:47:49 -0500
Processing by PokemonApiController#forward as */*
  Parameters: {"uri"=>"description/6969"}
Completed 200 OK in 439ms (Views: 0.5ms | ActiveRecord: 0.0ms)


Started GET "/" for ::1 at 2016-11-17 15:49:42 -0500
Processing by PokemonController#index as HTML
  Rendering pokemon/index.html.erb within layouts/application
  Rendered pokemon/index.html.erb within layouts/application (5.4ms)
Completed 200 OK in 194ms (Views: 187.9ms | ActiveRecord: 0.0ms)


Started GET "/api/v1/pokemon/23/" for ::1 at 2016-11-17 15:49:45 -0500
Processing by PokemonApiController#forward as */*
  Parameters: {"uri"=>"pokemon/23"}
Completed 200 OK in 1ms (Views: 0.1ms | ActiveRecord: 0.0ms)


Started GET "/api/v1/description/6969/" for ::1 at 2016-11-17 15:49:45 -0500
Processing by PokemonApiController#forward as */*
  Parameters: {"uri"=>"description/6969"}
Completed 200 OK in 0ms (Views: 0.1ms | ActiveRecord: 0.0ms)


Started GET "/" for ::1 at 2016-11-17 15:51:36 -0500
Processing by PokemonController#index as HTML
  Rendering pokemon/index.html.erb within layouts/application
  Rendered pokemon/index.html.erb within layouts/application (3.2ms)
Completed 200 OK in 152ms (Views: 148.9ms | ActiveRecord: 0.0ms)


Started GET "/api/v1/pokemon/8/" for ::1 at 2016-11-17 15:51:38 -0500
Processing by PokemonApiController#forward as */*
  Parameters: {"uri"=>"pokemon/8"}
Completed 200 OK in 2ms (Views: 0.4ms | ActiveRecord: 0.0ms)


Started GET "/" for ::1 at 2016-11-17 15:52:17 -0500
Processing by PokemonController#index as HTML
  Rendering pokemon/index.html.erb within layouts/application
  Rendered pokemon/index.html.erb within layouts/application (2.9ms)
Completed 200 OK in 156ms (Views: 152.5ms | ActiveRecord: 0.0ms)


Started GET "/api/v1/pokemon/8/" for ::1 at 2016-11-17 15:52:19 -0500
Processing by PokemonApiController#forward as */*
  Parameters: {"uri"=>"pokemon/8"}
Completed 200 OK in 1ms (Views: 0.3ms | ActiveRecord: 0.0ms)


Started GET "/api/v1/description/6736/" for ::1 at 2016-11-17 15:52:19 -0500
Processing by PokemonApiController#forward as */*
  Parameters: {"uri"=>"description/6736"}
Completed 200 OK in 317ms (Views: 0.2ms | ActiveRecord: 0.0ms)


Started GET "/" for ::1 at 2016-11-17 15:53:22 -0500
Processing by PokemonController#index as HTML
  Rendering pokemon/index.html.erb within layouts/application
  Rendered pokemon/index.html.erb within layouts/application (3.9ms)
Completed 200 OK in 146ms (Views: 143.6ms | ActiveRecord: 0.0ms)


Started GET "/api/v1/pokemon/11/" for ::1 at 2016-11-17 15:53:26 -0500
Processing by PokemonApiController#forward as */*
  Parameters: {"uri"=>"pokemon/11"}
Completed 200 OK in 0ms (Views: 0.1ms | ActiveRecord: 0.0ms)


Started GET "/api/v1/description/6784/" for ::1 at 2016-11-17 15:53:26 -0500
Processing by PokemonApiController#forward as */*
  Parameters: {"uri"=>"description/6784"}
Completed 200 OK in 385ms (Views: 0.1ms | ActiveRecord: 0.0ms)


Started GET "/" for ::1 at 2016-11-17 15:55:57 -0500
Processing by PokemonController#index as HTML
  Rendering pokemon/index.html.erb within layouts/application
  Rendered pokemon/index.html.erb within layouts/application (3.1ms)
Completed 200 OK in 153ms (Views: 150.4ms | ActiveRecord: 0.0ms)


Started GET "/api/v1/pokemon/23/" for ::1 at 2016-11-17 15:55:59 -0500
Processing by PokemonApiController#forward as */*
  Parameters: {"uri"=>"pokemon/23"}
Completed 200 OK in 0ms (Views: 0.2ms | ActiveRecord: 0.0ms)


Started GET "/api/v1/description/6969/" for ::1 at 2016-11-17 15:55:59 -0500
Processing by PokemonApiController#forward as */*
  Parameters: {"uri"=>"description/6969"}
Completed 200 OK in 0ms (Views: 0.1ms | ActiveRecord: 0.0ms)


Started GET "/" for ::1 at 2016-11-17 16:03:30 -0500
Processing by PokemonController#index as HTML
  Rendering pokemon/index.html.erb within layouts/application
  Rendered pokemon/index.html.erb within layouts/application (10.9ms)
Completed 200 OK in 364ms (Views: 341.3ms | ActiveRecord: 0.0ms)


Started GET "/api/v1/pokemon/23/" for ::1 at 2016-11-17 16:03:34 -0500
Processing by PokemonApiController#forward as */*
  Parameters: {"uri"=>"pokemon/23"}
Completed 200 OK in 1ms (Views: 0.2ms | ActiveRecord: 0.0ms)


Started GET "/api/v1/description/6969/" for ::1 at 2016-11-17 16:03:34 -0500
Processing by PokemonApiController#forward as */*
  Parameters: {"uri"=>"description/6969"}
Completed 200 OK in 1ms (Views: 0.2ms | ActiveRecord: 0.0ms)


Started GET "/api/v1/pokemon/23/" for ::1 at 2016-11-17 16:04:22 -0500
Processing by PokemonApiController#forward as */*
  Parameters: {"uri"=>"pokemon/23"}
Completed 200 OK in 0ms (Views: 0.1ms | ActiveRecord: 0.0ms)


Started GET "/api/v1/description/6969/" for ::1 at 2016-11-17 16:04:22 -0500
Processing by PokemonApiController#forward as */*
  Parameters: {"uri"=>"description/6969"}
Completed 200 OK in 0ms (Views: 0.1ms | ActiveRecord: 0.0ms)


Started GET "/api/v1/pokemon/15/" for ::1 at 2016-11-17 16:19:03 -0500
Processing by PokemonApiController#forward as */*
  Parameters: {"uri"=>"pokemon/15"}
Completed 200 OK in 5ms (Views: 1.2ms | ActiveRecord: 0.0ms)


Started GET "/api/v1/description/6848/" for ::1 at 2016-11-17 16:19:03 -0500
Processing by PokemonApiController#forward as */*
  Parameters: {"uri"=>"description/6848"}
Completed 200 OK in 1ms (Views: 0.2ms | ActiveRecord: 0.0ms)


Started GET "/" for ::1 at 2016-11-17 16:27:11 -0500
Processing by PokemonController#index as HTML
  Rendering pokemon/index.html.erb within layouts/application
  Rendered pokemon/index.html.erb within layouts/application (13.4ms)
Completed 200 OK in 270ms (Views: 253.8ms | ActiveRecord: 0.0ms)


Started GET "/" for ::1 at 2016-11-17 16:27:29 -0500
Processing by PokemonController#index as HTML
  Rendering pokemon/index.html.erb within layouts/application
  Rendered pokemon/index.html.erb within layouts/application (3.7ms)
Completed 200 OK in 156ms (Views: 152.7ms | ActiveRecord: 0.0ms)


Started GET "/" for ::1 at 2016-11-17 16:28:06 -0500
Processing by PokemonController#index as HTML
  Rendering pokemon/index.html.erb within layouts/application
  Rendered pokemon/index.html.erb within layouts/application (5.0ms)
Completed 200 OK in 151ms (Views: 148.4ms | ActiveRecord: 0.0ms)


Started GET "/api/v1/pokemon/8/" for ::1 at 2016-11-17 16:28:09 -0500
Processing by PokemonApiController#forward as */*
  Parameters: {"uri"=>"pokemon/8"}
Completed 200 OK in 1ms (Views: 0.5ms | ActiveRecord: 0.0ms)


Started GET "/api/v1/description/6736/" for ::1 at 2016-11-17 16:28:09 -0500
Processing by PokemonApiController#forward as */*
  Parameters: {"uri"=>"description/6736"}
Completed 200 OK in 1ms (Views: 0.2ms | ActiveRecord: 0.0ms)


Started GET "/" for ::1 at 2016-11-17 16:28:58 -0500
Processing by PokemonController#index as HTML
  Rendering pokemon/index.html.erb within layouts/application
  Rendered pokemon/index.html.erb within layouts/application (5.1ms)
Completed 200 OK in 197ms (Views: 192.1ms | ActiveRecord: 0.0ms)


Started GET "/api/v1/pokemon/8/" for ::1 at 2016-11-17 16:29:00 -0500
Processing by PokemonApiController#forward as */*
  Parameters: {"uri"=>"pokemon/8"}
Completed 200 OK in 0ms (Views: 0.1ms | ActiveRecord: 0.0ms)


Started GET "/api/v1/description/6736/" for ::1 at 2016-11-17 16:29:00 -0500
Processing by PokemonApiController#forward as */*
  Parameters: {"uri"=>"description/6736"}
Completed 200 OK in 1ms (Views: 0.3ms | ActiveRecord: 0.0ms)


Started GET "/api/v1/sprite/9/" for ::1 at 2016-11-17 16:29:00 -0500
Processing by PokemonApiController#forward as */*
  Parameters: {"uri"=>"sprite/9"}
Completed 200 OK in 542ms (Views: 0.2ms | ActiveRecord: 0.0ms)


Started GET "/" for ::1 at 2016-11-17 16:31:39 -0500
Processing by PokemonController#index as HTML
  Rendering pokemon/index.html.erb within layouts/application
  Rendered pokemon/index.html.erb within layouts/application (3.2ms)
Completed 200 OK in 150ms (Views: 147.7ms | ActiveRecord: 0.0ms)


Started GET "/api/v1/pokemon/8/" for ::1 at 2016-11-17 16:31:41 -0500
Processing by PokemonApiController#forward as */*
  Parameters: {"uri"=>"pokemon/8"}
Completed 200 OK in 9ms (Views: 0.1ms | ActiveRecord: 0.0ms)


Started GET "/api/v1/description/6736/" for ::1 at 2016-11-17 16:31:41 -0500
Processing by PokemonApiController#forward as */*
  Parameters: {"uri"=>"description/6736"}
Completed 200 OK in 0ms (Views: 0.1ms | ActiveRecord: 0.0ms)


Started GET "/api/v1/sprite/9/" for ::1 at 2016-11-17 16:31:41 -0500
Processing by PokemonApiController#forward as */*
  Parameters: {"uri"=>"sprite/9"}
Completed 200 OK in 2ms (Views: 0.4ms | ActiveRecord: 0.0ms)


Started GET "/" for ::1 at 2016-11-17 16:32:41 -0500
Processing by PokemonController#index as HTML
  Rendering pokemon/index.html.erb within layouts/application
  Rendered pokemon/index.html.erb within layouts/application (3.0ms)
Completed 200 OK in 143ms (Views: 140.5ms | ActiveRecord: 0.0ms)


Started GET "/api/v1/pokemon/8/" for ::1 at 2016-11-17 16:32:43 -0500
Processing by PokemonApiController#forward as */*
  Parameters: {"uri"=>"pokemon/8"}
Completed 200 OK in 1ms (Views: 0.2ms | ActiveRecord: 0.0ms)


Started GET "/api/v1/description/6736/" for ::1 at 2016-11-17 16:32:43 -0500
Processing by PokemonApiController#forward as */*
  Parameters: {"uri"=>"description/6736"}
Completed 200 OK in 0ms (Views: 0.1ms | ActiveRecord: 0.0ms)


Started GET "/api/v1/sprite/9/" for ::1 at 2016-11-17 16:32:43 -0500
Processing by PokemonApiController#forward as */*
  Parameters: {"uri"=>"sprite/9"}
Completed 200 OK in 0ms (Views: 0.1ms | ActiveRecord: 0.0ms)


Started GET "/" for ::1 at 2016-11-17 16:32:56 -0500
Processing by PokemonController#index as HTML
  Rendering pokemon/index.html.erb within layouts/application
  Rendered pokemon/index.html.erb within layouts/application (3.3ms)
Completed 200 OK in 149ms (Views: 145.9ms | ActiveRecord: 0.0ms)


Started GET "/api/v1/pokemon/8/" for ::1 at 2016-11-17 16:32:58 -0500
Processing by PokemonApiController#forward as */*
  Parameters: {"uri"=>"pokemon/8"}
Completed 200 OK in 3ms (Views: 1.0ms | ActiveRecord: 0.0ms)


Started GET "/api/v1/description/6736/" for ::1 at 2016-11-17 16:32:58 -0500
Processing by PokemonApiController#forward as */*
Started GET "/api/v1/sprite/9/" for ::1 at 2016-11-17 16:32:58 -0500
  Parameters: {"uri"=>"description/6736"}
Processing by PokemonApiController#forward as */*
Completed 200 OK in 1ms (Views: 0.1ms | ActiveRecord: 0.0ms)


  Parameters: {"uri"=>"sprite/9"}
Completed 200 OK in 2ms (Views: 0.6ms | ActiveRecord: 0.0ms)


Started GET "/" for ::1 at 2016-11-17 16:37:18 -0500
Processing by PokemonController#index as HTML
  Rendering pokemon/index.html.erb within layouts/application
  Rendered pokemon/index.html.erb within layouts/application (3.6ms)
Completed 200 OK in 166ms (Views: 162.2ms | ActiveRecord: 0.0ms)


Started GET "/api/v1/pokemon/23/" for ::1 at 2016-11-17 16:37:20 -0500
Processing by PokemonApiController#forward as */*
  Parameters: {"uri"=>"pokemon/23"}
Completed 200 OK in 1ms (Views: 0.2ms | ActiveRecord: 0.0ms)


Started GET "/api/v1/description/6969/" for ::1 at 2016-11-17 16:37:20 -0500
Processing by PokemonApiController#forward as */*
  Parameters: {"uri"=>"description/6969"}
Completed 200 OK in 0ms (Views: 0.1ms | ActiveRecord: 0.0ms)


Started GET "/api/v1/sprite/24/" for ::1 at 2016-11-17 16:37:20 -0500
Processing by PokemonApiController#forward as */*
  Parameters: {"uri"=>"sprite/24"}
Completed 200 OK in 365ms (Views: 0.2ms | ActiveRecord: 0.0ms)


Started GET "/" for ::1 at 2016-11-17 16:37:54 -0500
Processing by PokemonController#index as HTML
  Rendering pokemon/index.html.erb within layouts/application
  Rendered pokemon/index.html.erb within layouts/application (3.5ms)
Completed 200 OK in 90ms (Views: 87.1ms | ActiveRecord: 0.0ms)


Started GET "/api/v1/pokemon/23/" for ::1 at 2016-11-17 16:37:56 -0500
Processing by PokemonApiController#forward as */*
  Parameters: {"uri"=>"pokemon/23"}
Completed 200 OK in 1ms (Views: 0.7ms | ActiveRecord: 0.0ms)


Started GET "/api/v1/description/6969/" for ::1 at 2016-11-17 16:37:56 -0500
Processing by PokemonApiController#forward as */*
Started GET "/api/v1/sprite/24/" for ::1 at 2016-11-17 16:37:56 -0500
  Parameters: {"uri"=>"description/6969"}
Processing by PokemonApiController#forward as */*
Completed 200 OK in 0ms (Views: 0.1ms | ActiveRecord: 0.0ms)


  Parameters: {"uri"=>"sprite/24"}
Completed 200 OK in 1ms (Views: 0.3ms | ActiveRecord: 0.0ms)


Started GET "/" for ::1 at 2016-11-17 16:39:41 -0500
Processing by PokemonController#index as HTML
  Rendering pokemon/index.html.erb within layouts/application
  Rendered pokemon/index.html.erb within layouts/application (4.0ms)
Completed 200 OK in 147ms (Views: 145.2ms | ActiveRecord: 0.0ms)


Started GET "/api/v1/pokemon/23/" for ::1 at 2016-11-17 16:39:43 -0500
Processing by PokemonApiController#forward as */*
  Parameters: {"uri"=>"pokemon/23"}
Completed 200 OK in 0ms (Views: 0.1ms | ActiveRecord: 0.0ms)


Started GET "/api/v1/description/6969/" for ::1 at 2016-11-17 16:39:43 -0500
Processing by PokemonApiController#forward as */*
  Parameters: {"uri"=>"description/6969"}
Completed 200 OK in 0ms (Views: 0.1ms | ActiveRecord: 0.0ms)


Started GET "/api/v1/sprite/24/" for ::1 at 2016-11-17 16:39:43 -0500
Processing by PokemonApiController#forward as */*
  Parameters: {"uri"=>"sprite/24"}
Completed 200 OK in 0ms (Views: 0.1ms | ActiveRecord: 0.0ms)


Started GET "/" for ::1 at 2016-11-17 16:39:45 -0500
Processing by PokemonController#index as HTML
  Rendering pokemon/index.html.erb within layouts/application
  Rendered pokemon/index.html.erb within layouts/application (3.1ms)
Completed 200 OK in 66ms (Views: 54.6ms | ActiveRecord: 0.0ms)


Started GET "/api/v1/pokemon/23/" for ::1 at 2016-11-17 16:39:58 -0500
Processing by PokemonApiController#forward as */*
  Parameters: {"uri"=>"pokemon/23"}
Completed 200 OK in 0ms (Views: 0.1ms | ActiveRecord: 0.0ms)


Started GET "/api/v1/description/6969/" for ::1 at 2016-11-17 16:39:58 -0500
Processing by PokemonApiController#forward as */*
  Parameters: {"uri"=>"description/6969"}
Completed 200 OK in 1ms (Views: 0.2ms | ActiveRecord: 0.0ms)


Started GET "/api/v1/sprite/24/" for ::1 at 2016-11-17 16:39:58 -0500
Processing by PokemonApiController#forward as */*
  Parameters: {"uri"=>"sprite/24"}
Completed 200 OK in 1ms (Views: 0.1ms | ActiveRecord: 0.0ms)


Started GET "/" for ::1 at 2016-11-17 16:40:39 -0500
Processing by PokemonController#index as HTML
  Rendering pokemon/index.html.erb within layouts/application
  Rendered pokemon/index.html.erb within layouts/application (4.6ms)
Completed 200 OK in 147ms (Views: 144.6ms | ActiveRecord: 0.0ms)


Started GET "/api/v1/pokemon/9/" for ::1 at 2016-11-17 16:40:42 -0500
Processing by PokemonApiController#forward as */*
  Parameters: {"uri"=>"pokemon/9"}
Completed 200 OK in 0ms (Views: 0.1ms | ActiveRecord: 0.0ms)


Started GET "/api/v1/description/6752/" for ::1 at 2016-11-17 16:40:42 -0500
Processing by PokemonApiController#forward as */*
  Parameters: {"uri"=>"description/6752"}
Started GET "/api/v1/sprite/10/" for ::1 at 2016-11-17 16:40:42 -0500
Processing by PokemonApiController#forward as */*
  Parameters: {"uri"=>"sprite/10"}
Completed 200 OK in 7584ms (Views: 0.1ms | ActiveRecord: 0.0ms)


Completed 200 OK in 7606ms (Views: 0.2ms | ActiveRecord: 0.0ms)


Started GET "/api/v1/pokemon/23/" for ::1 at 2016-11-17 16:41:09 -0500
Processing by PokemonApiController#forward as */*
  Parameters: {"uri"=>"pokemon/23"}
Completed 200 OK in 0ms (Views: 0.1ms | ActiveRecord: 0.0ms)


Started GET "/api/v1/description/6969/" for ::1 at 2016-11-17 16:41:09 -0500
Started GET "/api/v1/sprite/24/" for ::1 at 2016-11-17 16:41:09 -0500
Processing by PokemonApiController#forward as */*
Processing by PokemonApiController#forward as */*
  Parameters: {"uri"=>"description/6969"}
  Parameters: {"uri"=>"sprite/24"}
Completed 200 OK in 0ms (Views: 0.1ms | ActiveRecord: 0.0ms)


Completed 200 OK in 0ms (Views: 0.1ms | ActiveRecord: 0.0ms)


Started GET "/api/v1/pokemon/8/" for ::1 at 2016-11-17 16:41:13 -0500
Processing by PokemonApiController#forward as */*
  Parameters: {"uri"=>"pokemon/8"}
Completed 200 OK in 0ms (Views: 0.2ms | ActiveRecord: 0.0ms)


Started GET "/api/v1/description/6736/" for ::1 at 2016-11-17 16:41:13 -0500
Processing by PokemonApiController#forward as */*
  Parameters: {"uri"=>"description/6736"}
Completed 200 OK in 1ms (Views: 0.1ms | ActiveRecord: 0.0ms)


Started GET "/api/v1/sprite/9/" for ::1 at 2016-11-17 16:41:13 -0500
Processing by PokemonApiController#forward as */*
  Parameters: {"uri"=>"sprite/9"}
Completed 200 OK in 0ms (Views: 0.1ms | ActiveRecord: 0.0ms)


Started GET "/" for ::1 at 2016-11-17 16:41:47 -0500
Processing by PokemonController#index as HTML
  Rendering pokemon/index.html.erb within layouts/application
  Rendered pokemon/index.html.erb within layouts/application (3.0ms)
Completed 200 OK in 65ms (Views: 60.9ms | ActiveRecord: 0.0ms)


Started GET "/api/v1/pokemon/23/" for ::1 at 2016-11-17 16:41:49 -0500
Processing by PokemonApiController#forward as */*
  Parameters: {"uri"=>"pokemon/23"}
Completed 200 OK in 0ms (Views: 0.1ms | ActiveRecord: 0.0ms)


Started GET "/api/v1/description/6969/" for ::1 at 2016-11-17 16:41:49 -0500
Processing by PokemonApiController#forward as */*
  Parameters: {"uri"=>"description/6969"}
Started GET "/api/v1/sprite/24/" for ::1 at 2016-11-17 16:41:49 -0500
Completed 200 OK in 0ms (Views: 0.1ms | ActiveRecord: 0.0ms)


Processing by PokemonApiController#forward as */*
  Parameters: {"uri"=>"sprite/24"}
Completed 200 OK in 1ms (Views: 0.2ms | ActiveRecord: 0.0ms)


Started GET "/" for ::1 at 2016-11-17 16:42:16 -0500
Processing by PokemonController#index as HTML
  Rendering pokemon/index.html.erb within layouts/application
  Rendered pokemon/index.html.erb within layouts/application (5.0ms)
Completed 200 OK in 59ms (Views: 56.7ms | ActiveRecord: 0.0ms)


Started GET "/api/v1/pokemon/23/" for ::1 at 2016-11-17 16:42:17 -0500
Processing by PokemonApiController#forward as */*
  Parameters: {"uri"=>"pokemon/23"}
Completed 200 OK in 1ms (Views: 0.2ms | ActiveRecord: 0.0ms)


Started GET "/api/v1/description/6969/" for ::1 at 2016-11-17 16:42:17 -0500
Processing by PokemonApiController#forward as */*
  Parameters: {"uri"=>"description/6969"}
Started GET "/api/v1/sprite/24/" for ::1 at 2016-11-17 16:42:17 -0500
Completed 200 OK in 0ms (Views: 0.1ms | ActiveRecord: 0.0ms)


Processing by PokemonApiController#forward as */*
  Parameters: {"uri"=>"sprite/24"}
Completed 200 OK in 0ms (Views: 0.1ms | ActiveRecord: 0.0ms)


Started GET "/" for ::1 at 2016-11-17 16:43:11 -0500
Processing by PokemonController#index as HTML
  Rendering pokemon/index.html.erb within layouts/application
  Rendered pokemon/index.html.erb within layouts/application (3.0ms)
Completed 200 OK in 73ms (Views: 70.7ms | ActiveRecord: 0.0ms)


Started GET "/api/v1/pokemon/23/" for ::1 at 2016-11-17 16:43:13 -0500
Processing by PokemonApiController#forward as */*
  Parameters: {"uri"=>"pokemon/23"}
Completed 200 OK in 0ms (Views: 0.1ms | ActiveRecord: 0.0ms)


Started GET "/api/v1/description/6969/" for ::1 at 2016-11-17 16:43:13 -0500
Processing by PokemonApiController#forward as */*
  Parameters: {"uri"=>"description/6969"}
Started GET "/api/v1/sprite/24/" for ::1 at 2016-11-17 16:43:13 -0500
Completed 200 OK in 0ms (Views: 0.1ms | ActiveRecord: 0.0ms)


Processing by PokemonApiController#forward as */*
  Parameters: {"uri"=>"sprite/24"}
Completed 200 OK in 0ms (Views: 0.1ms | ActiveRecord: 0.0ms)


Started GET "/" for ::1 at 2016-11-17 16:46:22 -0500
Processing by PokemonController#index as HTML
  Rendering pokemon/index.html.erb within layouts/application
  Rendered pokemon/index.html.erb within layouts/application (5.1ms)
Completed 200 OK in 92ms (Views: 90.0ms | ActiveRecord: 0.0ms)


Started GET "/api/v1/pokemon/8/" for ::1 at 2016-11-17 16:46:24 -0500
Processing by PokemonApiController#forward as */*
  Parameters: {"uri"=>"pokemon/8"}
Completed 200 OK in 0ms (Views: 0.1ms | ActiveRecord: 0.0ms)


Started GET "/api/v1/description/6736/" for ::1 at 2016-11-17 16:46:24 -0500
Started GET "/api/v1/sprite/9/" for ::1 at 2016-11-17 16:46:24 -0500
Processing by PokemonApiController#forward as */*
Processing by PokemonApiController#forward as */*
  Parameters: {"uri"=>"description/6736"}
  Parameters: {"uri"=>"sprite/9"}
Completed 200 OK in 0ms (Views: 0.1ms | ActiveRecord: 0.0ms)


Completed 200 OK in 1ms (Views: 0.3ms | ActiveRecord: 0.0ms)


Started GET "/api/v1/pokemon/12/" for ::1 at 2016-11-17 16:46:31 -0500
Processing by PokemonApiController#forward as */*
  Parameters: {"uri"=>"pokemon/12"}
Completed 200 OK in 0ms (Views: 0.1ms | ActiveRecord: 0.0ms)


Started GET "/api/v1/description/6798/" for ::1 at 2016-11-17 16:46:31 -0500
Processing by PokemonApiController#forward as */*
Started GET "/api/v1/sprite/13/" for ::1 at 2016-11-17 16:46:31 -0500
  Parameters: {"uri"=>"description/6798"}
Processing by PokemonApiController#forward as */*
  Parameters: {"uri"=>"sprite/13"}
Completed 200 OK in 1ms (Views: 0.5ms | ActiveRecord: 0.0ms)


Completed 200 OK in 309ms (Views: 0.1ms | ActiveRecord: 0.0ms)


Started GET "/" for ::1 at 2016-11-17 16:46:52 -0500
Processing by PokemonController#index as HTML
  Rendering pokemon/index.html.erb within layouts/application
  Rendered pokemon/index.html.erb within layouts/application (3.0ms)
Completed 200 OK in 66ms (Views: 62.2ms | ActiveRecord: 0.0ms)


Started GET "/api/v1/pokemon/23/" for ::1 at 2016-11-17 16:46:53 -0500
Processing by PokemonApiController#forward as */*
  Parameters: {"uri"=>"pokemon/23"}
Completed 200 OK in 1ms (Views: 0.1ms | ActiveRecord: 0.0ms)


Started GET "/api/v1/description/6969/" for ::1 at 2016-11-17 16:46:53 -0500
Started GET "/api/v1/sprite/24/" for ::1 at 2016-11-17 16:46:53 -0500
Processing by PokemonApiController#forward as */*
Processing by PokemonApiController#forward as */*
  Parameters: {"uri"=>"description/6969"}
  Parameters: {"uri"=>"sprite/24"}
Completed 200 OK in 0ms (Views: 0.1ms | ActiveRecord: 0.0ms)


Completed 200 OK in 0ms (Views: 0.2ms | ActiveRecord: 0.0ms)


Started GET "/api/v1/pokemon/14/" for ::1 at 2016-11-17 16:47:54 -0500
Processing by PokemonApiController#forward as */*
  Parameters: {"uri"=>"pokemon/14"}
Completed 200 OK in 1ms (Views: 0.4ms | ActiveRecord: 0.0ms)


Started GET "/api/v1/description/6832/" for ::1 at 2016-11-17 16:47:54 -0500
Processing by PokemonApiController#forward as */*
  Parameters: {"uri"=>"description/6832"}
Completed 200 OK in 0ms (Views: 0.1ms | ActiveRecord: 0.0ms)


Started GET "/api/v1/sprite/15/" for ::1 at 2016-11-17 16:47:54 -0500
Processing by PokemonApiController#forward as */*
  Parameters: {"uri"=>"sprite/15"}
Completed 200 OK in 235ms (Views: 0.1ms | ActiveRecord: 0.0ms)


Started GET "/api/v1/pokemon/8/" for ::1 at 2016-11-17 16:48:30 -0500
Processing by PokemonApiController#forward as */*
  Parameters: {"uri"=>"pokemon/8"}
Completed 200 OK in 0ms (Views: 0.1ms | ActiveRecord: 0.0ms)


Started GET "/api/v1/description/6736/" for ::1 at 2016-11-17 16:48:30 -0500
Processing by PokemonApiController#forward as */*
  Parameters: {"uri"=>"description/6736"}
Started GET "/api/v1/sprite/9/" for ::1 at 2016-11-17 16:48:30 -0500
Completed 200 OK in 0ms (Views: 0.1ms | ActiveRecord: 0.0ms)


Processing by PokemonApiController#forward as */*
  Parameters: {"uri"=>"sprite/9"}
Completed 200 OK in 0ms (Views: 0.1ms | ActiveRecord: 0.0ms)


Started GET "/api/v1/pokemon/23/" for ::1 at 2016-11-17 16:48:58 -0500
Processing by PokemonApiController#forward as */*
  Parameters: {"uri"=>"pokemon/23"}
Completed 200 OK in 2ms (Views: 0.4ms | ActiveRecord: 0.0ms)


Started GET "/api/v1/description/6969/" for ::1 at 2016-11-17 16:48:58 -0500
Processing by PokemonApiController#forward as */*
  Parameters: {"uri"=>"description/6969"}
Completed 200 OK in 0ms (Views: 0.1ms | ActiveRecord: 0.0ms)


Started GET "/api/v1/sprite/24/" for ::1 at 2016-11-17 16:48:58 -0500
Processing by PokemonApiController#forward as */*
  Parameters: {"uri"=>"sprite/24"}
Completed 200 OK in 0ms (Views: 0.1ms | ActiveRecord: 0.0ms)


Started GET "/" for ::1 at 2016-11-17 16:50:51 -0500
Processing by PokemonController#index as HTML
  Rendering pokemon/index.html.erb within layouts/application
  Rendered pokemon/index.html.erb within layouts/application (6.8ms)
Completed 200 OK in 227ms (Views: 217.9ms | ActiveRecord: 0.0ms)


Started GET "/api/v1/pokemon/23/" for ::1 at 2016-11-17 16:50:53 -0500
Processing by PokemonApiController#forward as */*
  Parameters: {"uri"=>"pokemon/23"}
Completed 200 OK in 0ms (Views: 0.2ms | ActiveRecord: 0.0ms)


Started GET "/api/v1/description/6969/" for ::1 at 2016-11-17 16:50:53 -0500
Processing by PokemonApiController#forward as */*
Started GET "/api/v1/sprite/24/" for ::1 at 2016-11-17 16:50:53 -0500
  Parameters: {"uri"=>"description/6969"}
Processing by PokemonApiController#forward as */*
Completed 200 OK in 1ms (Views: 0.2ms | ActiveRecord: 0.0ms)


  Parameters: {"uri"=>"sprite/24"}
Completed 200 OK in 1ms (Views: 0.2ms | ActiveRecord: 0.0ms)


Started GET "/api/v1/pokemon/17/" for ::1 at 2016-11-17 16:52:02 -0500
Processing by PokemonApiController#forward as */*
  Parameters: {"uri"=>"pokemon/17"}
Completed 200 OK in 0ms (Views: 0.2ms | ActiveRecord: 0.0ms)


Started GET "/api/v1/description/6877/" for ::1 at 2016-11-17 16:52:02 -0500
Processing by PokemonApiController#forward as */*
  Parameters: {"uri"=>"description/6877"}
Started GET "/api/v1/sprite/18/" for ::1 at 2016-11-17 16:52:02 -0500
Completed 200 OK in 0ms (Views: 0.1ms | ActiveRecord: 0.0ms)


Processing by PokemonApiController#forward as */*
  Parameters: {"uri"=>"sprite/18"}
Completed 200 OK in 291ms (Views: 0.3ms | ActiveRecord: 0.0ms)


Started GET "/api/v1/pokemon/21/" for ::1 at 2016-11-17 16:52:05 -0500
Processing by PokemonApiController#forward as */*
  Parameters: {"uri"=>"pokemon/21"}
Completed 200 OK in 422ms (Views: 0.2ms | ActiveRecord: 0.0ms)


Started GET "/api/v1/description/6939/" for ::1 at 2016-11-17 16:52:05 -0500
Started GET "/api/v1/sprite/22/" for ::1 at 2016-11-17 16:52:05 -0500
Processing by PokemonApiController#forward as */*
Processing by PokemonApiController#forward as */*
  Parameters: {"uri"=>"description/6939"}
  Parameters: {"uri"=>"sprite/22"}
Completed 200 OK in 131ms (Views: 0.2ms | ActiveRecord: 0.0ms)


Completed 200 OK in 232ms (Views: 0.3ms | ActiveRecord: 0.0ms)


Started GET "/api/v1/pokemon/56/" for ::1 at 2016-11-17 16:52:14 -0500
Processing by PokemonApiController#forward as */*
  Parameters: {"uri"=>"pokemon/56"}
Completed 200 OK in 392ms (Views: 0.5ms | ActiveRecord: 0.0ms)


Started GET "/api/v1/description/7511/" for ::1 at 2016-11-17 16:52:15 -0500
Processing by PokemonApiController#forward as */*
  Parameters: {"uri"=>"description/7511"}
Started GET "/api/v1/sprite/57/" for ::1 at 2016-11-17 16:52:15 -0500
Processing by PokemonApiController#forward as */*
  Parameters: {"uri"=>"sprite/57"}
Completed 200 OK in 235ms (Views: 0.5ms | ActiveRecord: 0.0ms)


Completed 200 OK in 262ms (Views: 0.2ms | ActiveRecord: 0.0ms)


Started GET "/api/v1/pokemon/48/" for ::1 at 2016-11-17 16:52:20 -0500
Processing by PokemonApiController#forward as */*
  Parameters: {"uri"=>"pokemon/48"}
Completed 200 OK in 579ms (Views: 0.2ms | ActiveRecord: 0.0ms)


Started GET "/api/v1/description/7385/" for ::1 at 2016-11-17 16:52:20 -0500
Processing by PokemonApiController#forward as */*
Started GET "/api/v1/sprite/49/" for ::1 at 2016-11-17 16:52:20 -0500
  Parameters: {"uri"=>"description/7385"}
Processing by PokemonApiController#forward as */*
  Parameters: {"uri"=>"sprite/49"}
Completed 200 OK in 158ms (Views: 0.1ms | ActiveRecord: 0.0ms)


Completed 200 OK in 350ms (Views: 0.5ms | ActiveRecord: 0.0ms)


Started GET "/api/v1/pokemon/64/" for ::1 at 2016-11-17 16:52:34 -0500
Processing by PokemonApiController#forward as */*
  Parameters: {"uri"=>"pokemon/64"}
Completed 200 OK in 1011ms (Views: 0.2ms | ActiveRecord: 0.0ms)


Started GET "/api/v1/description/7641/" for ::1 at 2016-11-17 16:52:35 -0500
Processing by PokemonApiController#forward as */*
  Parameters: {"uri"=>"description/7641"}
Started GET "/api/v1/sprite/65/" for ::1 at 2016-11-17 16:52:35 -0500
Processing by PokemonApiController#forward as */*
  Parameters: {"uri"=>"sprite/65"}
Completed 200 OK in 386ms (Views: 0.3ms | ActiveRecord: 0.0ms)


Completed 200 OK in 391ms (Views: 0.1ms | ActiveRecord: 0.0ms)


